<?xml version="1.0" encoding="utf-8"?><testsuites name="pytest tests"><testsuite name="pytest" errors="0" failures="0" skipped="0" tests="19" time="0.633" timestamp="2026-04-21T16:37:08.443091-03:00" hostname="coder-2.local"><testcase classname="tests.test_app" name="test_create_application" time="0.006" /><testcase classname="tests.test_health" name="test_healthcheck_returns_ok" time="0.015" /><testcase classname="tests.test_health" name="test_process_time_middleware_adds_header" time="0.011" /><testcase classname="tests.test_openapi" name="test_openapi_schema_exposes_tag_metadata" time="0.055" /><testcase classname="tests.test_openapi" name="test_openapi_student_endpoint_documents_requests_and_errors" time="0.079" /><testcase classname="tests.test_openapi" name="test_openapi_components_include_examples_for_student_schemas" time="0.054" /><testcase classname="tests.test_students" name="test_create_students_generates_sequential_ids_per_course" time="0.033" /><testcase classname="tests.test_students" name="test_list_students_returns_all_seeded_students" time="0.030" /><testcase classname="tests.test_students" name="test_get_student_returns_specific_student_by_id" time="0.032" /><testcase classname="tests.test_students" name="test_patch_student_updates_partial_data" time="0.033" /><testcase classname="tests.test_students" name="test_patch_student_changes_course_and_generates_new_id" time="0.032" /><testcase classname="tests.test_students" name="test_patch_student_rejects_course_change_without_matching_email" time="0.035" /><testcase classname="tests.test_students" name="test_delete_student_does_not_reuse_id" time="0.033" /><testcase classname="tests.test_students" name="test_delete_all_students_resets_list_without_reusing_sequence" time="0.043" /><testcase classname="tests.test_students" name="test_create_student_rejects_duplicate_email" time="0.019" /><testcase classname="tests.test_students" name="test_create_student_accepts_geb_and_gep_emails" time="0.018" /><testcase classname="tests.test_students" name="test_create_student_rejects_non_inatel_email_format" time="0.017" /><testcase classname="tests.test_students" name="test_create_student_rejects_email_with_course_different_from_payload" time="0.015" /><testcase classname="tests.test_students" name="test_operations_fail_for_missing_student_id" time="0.017" /></testsuite></testsuites>