<?xml version="1.0" encoding="utf-8"?><testsuites name="pytest tests"><testsuite name="pytest" errors="0" failures="0" skipped="0" tests="18" time="1.200" timestamp="2026-04-20T10:15:58.559004-03:00" hostname="coder-2.local"><testcase classname="tests.test_app" name="test_create_application" time="0.002" /><testcase classname="tests.test_health" name="test_healthcheck_returns_ok" time="0.004" /><testcase classname="tests.test_health" name="test_process_time_middleware_adds_header" time="0.003" /><testcase classname="tests.test_microwaves" name="test_list_microwaves_returns_two_preloaded_instances" time="0.003" /><testcase classname="tests.test_microwaves" name="test_create_microwave_returns_new_instance" time="0.003" /><testcase classname="tests.test_microwaves" name="test_get_microwave_returns_specific_state" time="0.003" /><testcase classname="tests.test_microwaves" name="test_start_microwave_updates_state" time="0.003" /><testcase classname="tests.test_microwaves" name="test_start_microwave_rejects_empty_content" time="0.003" /><testcase classname="tests.test_microwaves" name="test_start_microwave_rejects_when_running" time="0.003" /><testcase classname="tests.test_microwaves" name="test_stop_microwave_turns_it_off" time="0.003" /><testcase classname="tests.test_microwaves" name="test_stop_microwave_rejects_when_already_stopped" time="0.002" /><testcase classname="tests.test_microwaves" name="test_reset_microwave_returns_default_state" time="0.004" /><testcase classname="tests.test_microwaves" name="test_delete_created_microwave_removes_instance" time="0.004" /><testcase classname="tests.test_microwaves" name="test_operations_fail_for_removed_id" time="0.004" /><testcase classname="tests.test_microwaves" name="test_expired_timer_is_reflected_as_finished" time="1.110" /><testcase classname="tests.test_openapi" name="test_openapi_schema_exposes_tag_metadata" time="0.016" /><testcase classname="tests.test_openapi" name="test_openapi_start_endpoint_documents_requests_and_errors" time="0.010" /><testcase classname="tests.test_openapi" name="test_openapi_components_include_examples_for_microwave_schemas" time="0.009" /></testsuite></testsuites>